2015-04-23 09:52:57,871 [Worker-0] INFO  o.e.m.c.i.l.LifecycleMappingFactory - Using org.eclipse.m2e.jdt.JarLifecycleMapping lifecycle mapping for MavenProject: es.sidelab:ejercicioangular6:0.1.0 @ /Users/alvaroberrocal/Downloads/angular/ejercicioangular6/pom.xml.
2015-04-23 09:52:58,540 [Worker-0] INFO  o.e.m.c.i.e.AbstractTransferListenerAdapter - Downloading http://repo.maven.apache.org/maven2/org/springframework/boot/spring-boot-starter-data-jpa/1.2.0.RELEASE/spring-boot-starter-data-jpa-1.2.0.RELEASE.pom
2015-04-23 09:52:58,664 [Worker-0] INFO  o.e.m.c.i.e.AbstractTransferListenerAdapter - Downloaded http://repo.maven.apache.org/maven2/org/springframework/boot/spring-boot-starter-data-jpa/1.2.0.RELEASE/spring-boot-starter-data-jpa-1.2.0.RELEASE.pom
2015-04-23 09:52:58,733 [Worker-0] INFO  o.e.m.c.i.e.AbstractTransferListenerAdapter - Downloading http://repo.maven.apache.org/maven2/org/springframework/boot/spring-boot-starter-aop/1.2.0.RELEASE/spring-boot-starter-aop-1.2.0.RELEASE.pom
2015-04-23 09:52:58,823 [Worker-0] INFO  o.e.m.c.i.e.AbstractTransferListenerAdapter - Downloaded http://repo.maven.apache.org/maven2/org/springframework/boot/spring-boot-starter-aop/1.2.0.RELEASE/spring-boot-starter-aop-1.2.0.RELEASE.pom
2015-04-23 09:52:58,922 [Worker-0] INFO  o.e.m.c.i.e.AbstractTransferListenerAdapter - Downloading http://repo.maven.apache.org/maven2/org/springframework/boot/spring-boot-starter-jdbc/1.2.0.RELEASE/spring-boot-starter-jdbc-1.2.0.RELEASE.pom
2015-04-23 09:52:59,012 [Worker-0] INFO  o.e.m.c.i.e.AbstractTransferListenerAdapter - Downloaded http://repo.maven.apache.org/maven2/org/springframework/boot/spring-boot-starter-jdbc/1.2.0.RELEASE/spring-boot-starter-jdbc-1.2.0.RELEASE.pom
2015-04-23 09:52:59,069 [Worker-0] INFO  o.e.m.c.i.e.AbstractTransferListenerAdapter - Downloading http://repo.maven.apache.org/maven2/org/springframework/spring-jdbc/4.1.3.RELEASE/spring-jdbc-4.1.3.RELEASE.pom
2015-04-23 09:53:00,069 [Worker-0] INFO  o.e.m.c.i.e.AbstractTransferListenerAdapter - Downloaded http://repo.maven.apache.org/maven2/org/springframework/spring-jdbc/4.1.3.RELEASE/spring-jdbc-4.1.3.RELEASE.pom
2015-04-23 09:53:00,135 [Worker-0] INFO  o.e.m.c.i.e.AbstractTransferListenerAdapter - Downloading http://repo.maven.apache.org/maven2/org/springframework/spring-tx/4.1.3.RELEASE/spring-tx-4.1.3.RELEASE.pom
2015-04-23 09:53:00,217 [Worker-0] INFO  o.e.m.c.i.e.AbstractTransferListenerAdapter - Downloaded http://repo.maven.apache.org/maven2/org/springframework/spring-tx/4.1.3.RELEASE/spring-tx-4.1.3.RELEASE.pom
2015-04-23 09:53:00,353 [Worker-0] INFO  o.e.m.c.i.e.AbstractTransferListenerAdapter - Downloading http://repo.maven.apache.org/maven2/org/jboss/spec/javax/transaction/jboss-transaction-api_1.2_spec/1.0.0.Final/jboss-transaction-api_1.2_spec-1.0.0.Final.pom
2015-04-23 09:53:00,435 [Worker-0] INFO  o.e.m.c.i.e.AbstractTransferListenerAdapter - Downloaded http://repo.maven.apache.org/maven2/org/jboss/spec/javax/transaction/jboss-transaction-api_1.2_spec/1.0.0.Final/jboss-transaction-api_1.2_spec-1.0.0.Final.pom
2015-04-23 09:53:00,523 [Worker-0] INFO  o.e.m.c.i.e.AbstractTransferListenerAdapter - Downloading http://repo.maven.apache.org/maven2/org/springframework/spring-orm/4.1.3.RELEASE/spring-orm-4.1.3.RELEASE.pom
2015-04-23 09:53:00,606 [Worker-0] INFO  o.e.m.c.i.e.AbstractTransferListenerAdapter - Downloaded http://repo.maven.apache.org/maven2/org/springframework/spring-orm/4.1.3.RELEASE/spring-orm-4.1.3.RELEASE.pom
2015-04-23 09:53:00,680 [Worker-0] INFO  o.e.m.c.i.e.AbstractTransferListenerAdapter - Downloading http://repo.maven.apache.org/maven2/org/springframework/spring-aspects/4.1.3.RELEASE/spring-aspects-4.1.3.RELEASE.pom
2015-04-23 09:53:00,759 [Worker-0] INFO  o.e.m.c.i.e.AbstractTransferListenerAdapter - Downloaded http://repo.maven.apache.org/maven2/org/springframework/spring-aspects/4.1.3.RELEASE/spring-aspects-4.1.3.RELEASE.pom
2015-04-23 09:53:00,821 [Worker-0] INFO  o.e.m.c.i.e.AbstractTransferListenerAdapter - Downloading http://repo.maven.apache.org/maven2/com/h2database/h2/1.4.182/h2-1.4.182.pom
2015-04-23 09:53:00,896 [Worker-0] INFO  o.e.m.c.i.e.AbstractTransferListenerAdapter - Downloaded http://repo.maven.apache.org/maven2/com/h2database/h2/1.4.182/h2-1.4.182.pom
2015-04-23 09:53:00,994 [Worker-0] INFO  o.e.m.c.i.e.AbstractTransferListenerAdapter - Downloading http://repo.maven.apache.org/maven2/org/springframework/boot/spring-boot-starter-data-jpa/1.2.0.RELEASE/spring-boot-starter-data-jpa-1.2.0.RELEASE.jar
2015-04-23 09:53:01,070 [Worker-0] INFO  o.e.m.c.i.e.AbstractTransferListenerAdapter - Downloaded http://repo.maven.apache.org/maven2/org/springframework/boot/spring-boot-starter-data-jpa/1.2.0.RELEASE/spring-boot-starter-data-jpa-1.2.0.RELEASE.jar
2015-04-23 09:53:01,112 [Worker-0] INFO  o.e.m.c.i.e.AbstractTransferListenerAdapter - Downloading http://repo.maven.apache.org/maven2/org/springframework/boot/spring-boot-starter-aop/1.2.0.RELEASE/spring-boot-starter-aop-1.2.0.RELEASE.jar
2015-04-23 09:53:01,190 [Worker-0] INFO  o.e.m.c.i.e.AbstractTransferListenerAdapter - Downloaded http://repo.maven.apache.org/maven2/org/springframework/boot/spring-boot-starter-aop/1.2.0.RELEASE/spring-boot-starter-aop-1.2.0.RELEASE.jar
2015-04-23 09:53:01,233 [Worker-0] INFO  o.e.m.c.i.e.AbstractTransferListenerAdapter - Downloading http://repo.maven.apache.org/maven2/org/springframework/boot/spring-boot-starter-jdbc/1.2.0.RELEASE/spring-boot-starter-jdbc-1.2.0.RELEASE.jar
2015-04-23 09:53:01,310 [Worker-0] INFO  o.e.m.c.i.e.AbstractTransferListenerAdapter - Downloaded http://repo.maven.apache.org/maven2/org/springframework/boot/spring-boot-starter-jdbc/1.2.0.RELEASE/spring-boot-starter-jdbc-1.2.0.RELEASE.jar
2015-04-23 09:53:01,698 [Worker-0] INFO  o.e.m.c.i.e.AbstractTransferListenerAdapter - Downloading http://repo.maven.apache.org/maven2/org/springframework/spring-jdbc/4.1.3.RELEASE/spring-jdbc-4.1.3.RELEASE.jar
2015-04-23 09:53:03,106 [Worker-0] INFO  o.e.m.c.i.e.AbstractTransferListenerAdapter - Downloaded http://repo.maven.apache.org/maven2/org/springframework/spring-jdbc/4.1.3.RELEASE/spring-jdbc-4.1.3.RELEASE.jar
2015-04-23 09:53:03,626 [Worker-0] INFO  o.e.m.c.i.e.AbstractTransferListenerAdapter - Downloading http://repo.maven.apache.org/maven2/org/springframework/spring-tx/4.1.3.RELEASE/spring-tx-4.1.3.RELEASE.jar
2015-04-23 09:53:04,374 [Worker-0] INFO  o.e.m.c.i.e.AbstractTransferListenerAdapter - Downloaded http://repo.maven.apache.org/maven2/org/springframework/spring-tx/4.1.3.RELEASE/spring-tx-4.1.3.RELEASE.jar
2015-04-23 09:53:04,493 [Worker-0] INFO  o.e.m.c.i.e.AbstractTransferListenerAdapter - Downloading http://repo.maven.apache.org/maven2/org/jboss/spec/javax/transaction/jboss-transaction-api_1.2_spec/1.0.0.Final/jboss-transaction-api_1.2_spec-1.0.0.Final.jar
2015-04-23 09:53:04,766 [Worker-0] INFO  o.e.m.c.i.e.AbstractTransferListenerAdapter - Downloaded http://repo.maven.apache.org/maven2/org/jboss/spec/javax/transaction/jboss-transaction-api_1.2_spec/1.0.0.Final/jboss-transaction-api_1.2_spec-1.0.0.Final.jar
2015-04-23 09:53:05,451 [Worker-0] INFO  o.e.m.c.i.e.AbstractTransferListenerAdapter - Downloading http://repo.maven.apache.org/maven2/org/springframework/spring-orm/4.1.3.RELEASE/spring-orm-4.1.3.RELEASE.jar
2015-04-23 09:53:06,545 [Worker-0] INFO  o.e.m.c.i.e.AbstractTransferListenerAdapter - Downloaded http://repo.maven.apache.org/maven2/org/springframework/spring-orm/4.1.3.RELEASE/spring-orm-4.1.3.RELEASE.jar
2015-04-23 09:53:06,835 [Worker-0] INFO  o.e.m.c.i.e.AbstractTransferListenerAdapter - Downloading http://repo.maven.apache.org/maven2/org/springframework/spring-aspects/4.1.3.RELEASE/spring-aspects-4.1.3.RELEASE.jar
2015-04-23 09:53:06,983 [Worker-0] INFO  o.e.m.c.i.e.AbstractTransferListenerAdapter - Downloaded http://repo.maven.apache.org/maven2/org/springframework/spring-aspects/4.1.3.RELEASE/spring-aspects-4.1.3.RELEASE.jar
2015-04-23 09:53:07,851 [Worker-0] INFO  o.e.m.c.i.e.AbstractTransferListenerAdapter - Downloading http://repo.maven.apache.org/maven2/com/h2database/h2/1.4.182/h2-1.4.182.jar
2015-04-23 09:53:10,909 [Worker-0] INFO  o.e.m.c.i.e.AbstractTransferListenerAdapter - Downloaded http://repo.maven.apache.org/maven2/com/h2database/h2/1.4.182/h2-1.4.182.jar
2015-04-23 09:53:11,499 [Worker-0] INFO  o.e.m.j.i.AbstractJavaProjectConfigurator - Adding source folder /ejercicioangular6/src/main/java
2015-04-23 09:53:11,499 [Worker-0] INFO  o.e.m.j.i.AbstractJavaProjectConfigurator - Adding resource folder /ejercicioangular6/src/main/resources
2015-04-23 09:53:11,509 [Worker-0] INFO  o.e.m.j.i.AbstractJavaProjectConfigurator - Adding resource folder /ejercicioangular6/src/main/resources
2015-04-23 09:53:11,519 [Worker-0] INFO  o.e.m.j.i.AbstractJavaProjectConfigurator - Adding source folder /ejercicioangular6/src/test/java
2015-04-23 09:53:11,681 [Worker-0] INFO  o.e.m.c.i.p.ProjectConfigurationManager - Imported and configured 1 project(s) in 18 sec
2015-04-23 09:53:12,009 [Worker-10] INFO  o.e.m.c.i.l.LifecycleMappingFactory - Using org.eclipse.m2e.jdt.JarLifecycleMapping lifecycle mapping for MavenProject: es.sidelab:ejercicioangular6:0.1.0 @ /Users/alvaroberrocal/Downloads/angular/ejercicioangular6/pom.xml.
2015-04-23 09:53:12,971 [Worker-4] INFO  o.e.m.c.i.embedder.EclipseLogger - Using 'UTF-8' encoding to copy filtered resources.
2015-04-23 09:53:12,987 [Worker-4] INFO  o.e.m.c.i.embedder.EclipseLogger - Copying 0 resource
2015-04-23 09:53:13,008 [Worker-4] INFO  o.e.m.c.i.embedder.EclipseLogger - Copying 441 resources
2015-04-23 09:53:14,569 [Worker-4] INFO  o.e.m.c.i.embedder.EclipseLogger - Using 'UTF-8' encoding to copy filtered resources.
2015-04-23 09:53:14,569 [Worker-4] INFO  o.e.m.c.i.embedder.EclipseLogger - skip non existing resourceDirectory /Users/alvaroberrocal/Downloads/angular/ejercicioangular6/src/test/resources
2015-04-23 09:53:21,370 [Worker-3] INFO  o.e.m.c.i.embedder.EclipseLogger - Using 'UTF-8' encoding to copy filtered resources.
2015-04-23 09:53:21,373 [Worker-3] INFO  o.e.m.c.i.embedder.EclipseLogger - Copying 0 resource
2015-04-23 09:53:21,374 [Worker-3] INFO  o.e.m.c.i.embedder.EclipseLogger - Copying 0 resource
2015-04-23 09:53:21,376 [Worker-3] INFO  o.e.m.c.i.embedder.EclipseLogger - Using 'UTF-8' encoding to copy filtered resources.
2015-04-23 09:53:21,376 [Worker-3] INFO  o.e.m.c.i.embedder.EclipseLogger - skip non existing resourceDirectory /Users/alvaroberrocal/Downloads/angular/ejercicioangular6/src/test/resources
2015-04-23 09:56:37,428 [Worker-0] INFO  o.e.m.c.i.l.LifecycleMappingFactory - Using org.eclipse.m2e.jdt.JarLifecycleMapping lifecycle mapping for MavenProject: es.sidelab:ejercicioangular5:0.1.0 @ /Users/alvaroberrocal/Downloads/angular/ejercicioangular5/pom.xml.
2015-04-23 09:56:37,714 [Worker-0] INFO  o.e.m.j.i.AbstractJavaProjectConfigurator - Adding source folder /ejercicioangular5/src/main/java
2015-04-23 09:56:37,715 [Worker-0] INFO  o.e.m.j.i.AbstractJavaProjectConfigurator - Adding resource folder /ejercicioangular5/src/main/resources
2015-04-23 09:56:37,716 [Worker-0] INFO  o.e.m.j.i.AbstractJavaProjectConfigurator - Adding resource folder /ejercicioangular5/src/main/resources
2015-04-23 09:56:37,716 [Worker-0] INFO  o.e.m.j.i.AbstractJavaProjectConfigurator - Adding source folder /ejercicioangular5/src/test/java
2015-04-23 09:56:37,793 [Worker-0] INFO  o.e.m.c.i.p.ProjectConfigurationManager - Imported and configured 1 project(s) in 0 sec
2015-04-23 09:56:38,380 [Worker-5] INFO  o.e.m.c.i.l.LifecycleMappingFactory - Using org.eclipse.m2e.jdt.JarLifecycleMapping lifecycle mapping for MavenProject: es.sidelab:ejercicioangular5:0.1.0 @ /Users/alvaroberrocal/Downloads/angular/ejercicioangular5/pom.xml.
2015-04-23 09:56:38,854 [Worker-6] INFO  o.e.m.c.i.embedder.EclipseLogger - Using 'UTF-8' encoding to copy filtered resources.
2015-04-23 09:56:38,855 [Worker-6] INFO  o.e.m.c.i.embedder.EclipseLogger - Copying 0 resource
2015-04-23 09:56:38,856 [Worker-6] INFO  o.e.m.c.i.embedder.EclipseLogger - Copying 10 resources
2015-04-23 09:56:38,879 [Worker-6] INFO  o.e.m.c.i.embedder.EclipseLogger - Using 'UTF-8' encoding to copy filtered resources.
2015-04-23 09:56:38,879 [Worker-6] INFO  o.e.m.c.i.embedder.EclipseLogger - skip non existing resourceDirectory /Users/alvaroberrocal/Downloads/angular/ejercicioangular5/src/test/resources
2015-04-23 09:56:40,158 [Worker-8] INFO  o.e.m.c.i.embedder.EclipseLogger - Using 'UTF-8' encoding to copy filtered resources.
2015-04-23 09:56:40,158 [Worker-8] INFO  o.e.m.c.i.embedder.EclipseLogger - Copying 0 resource
2015-04-23 09:56:40,158 [Worker-8] INFO  o.e.m.c.i.embedder.EclipseLogger - Copying 0 resource
2015-04-23 09:56:40,160 [Worker-8] INFO  o.e.m.c.i.embedder.EclipseLogger - Using 'UTF-8' encoding to copy filtered resources.
2015-04-23 09:56:40,160 [Worker-8] INFO  o.e.m.c.i.embedder.EclipseLogger - skip non existing resourceDirectory /Users/alvaroberrocal/Downloads/angular/ejercicioangular5/src/test/resources
2015-04-23 09:59:07,826 [Worker-6] INFO  o.e.m.c.i.l.LifecycleMappingFactory - Using org.eclipse.m2e.jdt.JarLifecycleMapping lifecycle mapping for MavenProject: es.sidelab:ejercicioangular5:0.1.0 @ /Users/alvaroberrocal/Downloads/angular/ejercicioangular5/pom.xml.
2015-04-23 09:59:08,126 [Worker-6] INFO  o.e.m.c.i.embedder.EclipseLogger - Using 'UTF-8' encoding to copy filtered resources.
2015-04-23 09:59:08,126 [Worker-6] INFO  o.e.m.c.i.embedder.EclipseLogger - Copying 0 resource
2015-04-23 09:59:08,126 [Worker-6] INFO  o.e.m.c.i.embedder.EclipseLogger - Copying 10 resources
2015-04-23 09:59:08,141 [Worker-6] INFO  o.e.m.c.i.embedder.EclipseLogger - Using 'UTF-8' encoding to copy filtered resources.
2015-04-23 09:59:08,141 [Worker-6] INFO  o.e.m.c.i.embedder.EclipseLogger - skip non existing resourceDirectory /Users/alvaroberrocal/Downloads/angular/ejercicioangular5/src/test/resources
2015-04-23 09:59:09,324 [Worker-6] INFO  o.e.m.c.i.l.LifecycleMappingFactory - Using org.eclipse.m2e.jdt.JarLifecycleMapping lifecycle mapping for MavenProject: es.sidelab:ejercicioangular5:0.1.0 @ /Users/alvaroberrocal/Downloads/angular/ejercicioangular5/pom.xml.
2015-04-23 09:59:09,770 [Worker-0] INFO  o.e.m.c.i.embedder.EclipseLogger - Using 'UTF-8' encoding to copy filtered resources.
2015-04-23 09:59:09,773 [Worker-0] INFO  o.e.m.c.i.embedder.EclipseLogger - Copying 0 resource
2015-04-23 09:59:09,774 [Worker-0] INFO  o.e.m.c.i.embedder.EclipseLogger - Copying 10 resources
2015-04-23 09:59:09,790 [Worker-0] INFO  o.e.m.c.i.embedder.EclipseLogger - Using 'UTF-8' encoding to copy filtered resources.
2015-04-23 09:59:09,790 [Worker-0] INFO  o.e.m.c.i.embedder.EclipseLogger - skip non existing resourceDirectory /Users/alvaroberrocal/Downloads/angular/ejercicioangular5/src/test/resources
2015-04-23 09:59:11,055 [Worker-3] INFO  o.e.m.c.i.embedder.EclipseLogger - Using 'UTF-8' encoding to copy filtered resources.
2015-04-23 09:59:11,055 [Worker-3] INFO  o.e.m.c.i.embedder.EclipseLogger - Copying 0 resource
2015-04-23 09:59:11,055 [Worker-3] INFO  o.e.m.c.i.embedder.EclipseLogger - Copying 0 resource
2015-04-23 09:59:11,060 [Worker-3] INFO  o.e.m.c.i.embedder.EclipseLogger - Using 'UTF-8' encoding to copy filtered resources.
2015-04-23 09:59:11,061 [Worker-3] INFO  o.e.m.c.i.embedder.EclipseLogger - skip non existing resourceDirectory /Users/alvaroberrocal/Downloads/angular/ejercicioangular5/src/test/resources
2015-04-23 09:59:37,072 [Worker-10] INFO  o.e.m.c.i.l.LifecycleMappingFactory - Using org.eclipse.m2e.jdt.JarLifecycleMapping lifecycle mapping for MavenProject: es.sidelab:PracticaZoo:0.1.0 @ /Users/alvaroberrocal/Downloads/angular/ejercicioangular5/pom.xml.
2015-04-23 09:59:37,412 [Worker-10] INFO  o.e.m.c.i.embedder.EclipseLogger - Using 'UTF-8' encoding to copy filtered resources.
2015-04-23 09:59:37,413 [Worker-10] INFO  o.e.m.c.i.embedder.EclipseLogger - Copying 0 resource
2015-04-23 09:59:37,413 [Worker-10] INFO  o.e.m.c.i.embedder.EclipseLogger - Copying 0 resource
2015-04-23 09:59:37,416 [Worker-10] INFO  o.e.m.c.i.embedder.EclipseLogger - Using 'UTF-8' encoding to copy filtered resources.
2015-04-23 09:59:37,417 [Worker-10] INFO  o.e.m.c.i.embedder.EclipseLogger - skip non existing resourceDirectory /Users/alvaroberrocal/Downloads/angular/ejercicioangular5/src/test/resources
2015-04-23 10:05:43,377 [Worker-4] INFO  o.e.m.c.i.embedder.EclipseLogger - Using 'UTF-8' encoding to copy filtered resources.
2015-04-23 10:05:43,380 [Worker-4] INFO  o.e.m.c.i.embedder.EclipseLogger - Copying 0 resource
2015-04-23 10:05:43,380 [Worker-4] INFO  o.e.m.c.i.embedder.EclipseLogger - Copying 1 resource
2015-04-23 10:05:43,387 [Worker-4] INFO  o.e.m.c.i.embedder.EclipseLogger - Using 'UTF-8' encoding to copy filtered resources.
2015-04-23 10:05:43,387 [Worker-4] INFO  o.e.m.c.i.embedder.EclipseLogger - skip non existing resourceDirectory /Users/alvaroberrocal/Downloads/angular/ejercicioangular5/src/test/resources
